2021-10-17 19:18:38,385 [Worker-4: Loading available Gradle versions] INFO  o.e.b.c.i.u.g.PublishedGradleVersions - Gradle version information cache is up-to-date. Trying to read.
2021-10-17 19:20:28,149 [Worker-1: Loading available Gradle versions] INFO  o.e.b.c.i.u.g.PublishedGradleVersions - Gradle version information cache is up-to-date. Trying to read.
2021-10-17 19:22:56,104 [Worker-6: Updating Maven Dependencies] INFO  o.e.m.c.i.l.LifecycleMappingFactory - Using org.eclipse.m2e.jdt.JarLifecycleMapping lifecycle mapping for MavenProject: test.dimitri:fr.onepoint.bowl:1.0-SNAPSHOT @ C:\Users\Anna\git\bowling_onepoint\bowling-onepoint\pom.xml.
2021-10-17 19:22:56,125 [Worker-11: Building] INFO  o.e.m.c.i.l.LifecycleMappingFactory - Using org.eclipse.m2e.jdt.JarLifecycleMapping lifecycle mapping for MavenProject: test.dimitri:fr.onepoint.bowl:1.0-SNAPSHOT @ C:\Users\Anna\git\bowling_onepoint\bowling-onepoint\pom.xml.
2021-10-17 19:22:58,018 [Worker-11: Building] WARN  o.e.m.c.i.embedder.EclipseLogger - Using platform encoding (Cp1253 actually) to copy filtered resources, i.e. build is platform dependent!
2021-10-17 19:22:58,029 [Worker-11: Building] INFO  o.e.m.c.i.embedder.EclipseLogger - Copying 1 resource
2021-10-17 19:22:58,047 [Worker-11: Building] WARN  o.e.m.c.i.embedder.EclipseLogger - Using platform encoding (Cp1253 actually) to copy filtered resources, i.e. build is platform dependent!
2021-10-17 19:22:58,048 [Worker-11: Building] INFO  o.e.m.c.i.embedder.EclipseLogger - skip non existing resourceDirectory C:\Users\Anna\git\bowling_onepoint\bowling-onepoint\src\test\resources
2021-10-17 19:22:59,828 [Worker-12: Updating Maven Dependencies] INFO  o.e.m.c.i.l.LifecycleMappingFactory - Using org.eclipse.m2e.jdt.JarLifecycleMapping lifecycle mapping for MavenProject: test.dimitri:fr.onepoint.bowl:1.0-SNAPSHOT @ C:\Users\Anna\git\bowling_onepoint\bowling-onepoint\pom.xml.
2021-10-17 19:23:00,645 [Worker-6: Building] WARN  o.e.m.c.i.embedder.EclipseLogger - Using platform encoding (Cp1253 actually) to copy filtered resources, i.e. build is platform dependent!
2021-10-17 19:23:00,650 [Worker-6: Building] INFO  o.e.m.c.i.embedder.EclipseLogger - Copying 0 resource
2021-10-17 19:23:00,656 [Worker-6: Building] WARN  o.e.m.c.i.embedder.EclipseLogger - Using platform encoding (Cp1253 actually) to copy filtered resources, i.e. build is platform dependent!
2021-10-17 19:23:00,664 [Worker-6: Building] INFO  o.e.m.c.i.embedder.EclipseLogger - skip non existing resourceDirectory C:\Users\Anna\git\bowling_onepoint\bowling-onepoint\src\test\resources
2021-10-17 19:23:03,085 [Worker-12: Updating Maven Project] INFO  o.e.m.c.i.p.ProjectConfigurationManager - Update started
2021-10-17 19:23:03,862 [Worker-12: Updating Maven Project] INFO  o.e.m.c.i.l.LifecycleMappingFactory - Using org.eclipse.m2e.jdt.JarLifecycleMapping lifecycle mapping for MavenProject: test.dimitri:fr.onepoint.bowl:1.0-SNAPSHOT @ C:\Users\Anna\git\bowling_onepoint\bowling-onepoint\pom.xml.
2021-10-17 19:23:04,338 [Worker-12: Updating Maven Project] INFO  o.e.m.j.i.AbstractJavaProjectConfigurator - Adding source folder /bowling-onepoint/src/main/java
2021-10-17 19:23:04,339 [Worker-12: Updating Maven Project] INFO  o.e.m.j.i.AbstractJavaProjectConfigurator - Adding resource folder /bowling-onepoint/src/main/resources
2021-10-17 19:23:04,341 [Worker-12: Updating Maven Project] INFO  o.e.m.j.i.AbstractJavaProjectConfigurator - Adding source folder /bowling-onepoint/src/test/java
2021-10-17 19:23:04,668 [Worker-12: Updating Maven Project] INFO  o.e.m.c.i.p.ProjectConfigurationManager - Update completed: 1 sec
2021-10-17 19:23:05,526 [Worker-6: Building] WARN  o.e.m.c.i.embedder.EclipseLogger - Using platform encoding (Cp1253 actually) to copy filtered resources, i.e. build is platform dependent!
2021-10-17 19:23:05,528 [Worker-6: Building] INFO  o.e.m.c.i.embedder.EclipseLogger - Copying 1 resource
2021-10-17 19:23:05,542 [Worker-6: Building] WARN  o.e.m.c.i.embedder.EclipseLogger - Using platform encoding (Cp1253 actually) to copy filtered resources, i.e. build is platform dependent!
2021-10-17 19:23:05,543 [Worker-6: Building] INFO  o.e.m.c.i.embedder.EclipseLogger - skip non existing resourceDirectory C:\Users\Anna\git\bowling_onepoint\bowling-onepoint\src\test\resources
2021-10-18 23:16:28,571 [Worker-13: Building] WARN  o.e.m.c.i.embedder.EclipseLogger - Using platform encoding (Cp1253 actually) to copy filtered resources, i.e. build is platform dependent!
2021-10-18 23:16:28,632 [Worker-13: Building] INFO  o.e.m.c.i.embedder.EclipseLogger - Copying 0 resource
2021-10-18 23:16:28,654 [Worker-13: Building] WARN  o.e.m.c.i.embedder.EclipseLogger - Using platform encoding (Cp1253 actually) to copy filtered resources, i.e. build is platform dependent!
2021-10-18 23:16:28,658 [Worker-13: Building] INFO  o.e.m.c.i.embedder.EclipseLogger - skip non existing resourceDirectory C:\Users\Anna\git\bowling_onepoint\bowling-onepoint\src\test\resources
2021-10-18 23:21:36,396 [Worker-22: Building] WARN  o.e.m.c.i.embedder.EclipseLogger - Using platform encoding (Cp1253 actually) to copy filtered resources, i.e. build is platform dependent!
2021-10-18 23:21:36,455 [Worker-22: Building] INFO  o.e.m.c.i.embedder.EclipseLogger - Copying 1 resource
2021-10-18 23:21:36,481 [Worker-22: Building] WARN  o.e.m.c.i.embedder.EclipseLogger - Using platform encoding (Cp1253 actually) to copy filtered resources, i.e. build is platform dependent!
2021-10-18 23:21:36,484 [Worker-22: Building] INFO  o.e.m.c.i.embedder.EclipseLogger - skip non existing resourceDirectory C:\Users\Anna\git\bowling_onepoint\bowling-onepoint\src\test\resources
2021-10-18 23:22:08,831 [Worker-19: Building] WARN  o.e.m.c.i.embedder.EclipseLogger - Using platform encoding (Cp1253 actually) to copy filtered resources, i.e. build is platform dependent!
2021-10-18 23:22:08,834 [Worker-19: Building] INFO  o.e.m.c.i.embedder.EclipseLogger - Copying 0 resource
2021-10-18 23:22:08,839 [Worker-19: Building] WARN  o.e.m.c.i.embedder.EclipseLogger - Using platform encoding (Cp1253 actually) to copy filtered resources, i.e. build is platform dependent!
2021-10-18 23:22:08,842 [Worker-19: Building] INFO  o.e.m.c.i.embedder.EclipseLogger - skip non existing resourceDirectory C:\Users\Anna\git\bowling_onepoint\bowling-onepoint\src\test\resources
2021-10-18 23:25:46,153 [Worker-16: Building] WARN  o.e.m.c.i.embedder.EclipseLogger - Using platform encoding (Cp1253 actually) to copy filtered resources, i.e. build is platform dependent!
2021-10-18 23:25:46,158 [Worker-16: Building] INFO  o.e.m.c.i.embedder.EclipseLogger - Copying 1 resource
2021-10-18 23:25:46,164 [Worker-16: Building] WARN  o.e.m.c.i.embedder.EclipseLogger - Using platform encoding (Cp1253 actually) to copy filtered resources, i.e. build is platform dependent!
2021-10-18 23:25:46,166 [Worker-16: Building] INFO  o.e.m.c.i.embedder.EclipseLogger - skip non existing resourceDirectory C:\Users\Anna\git\bowling_onepoint\bowling-onepoint\src\test\resources
2021-10-18 23:26:52,054 [Worker-21: Building] WARN  o.e.m.c.i.embedder.EclipseLogger - Using platform encoding (Cp1253 actually) to copy filtered resources, i.e. build is platform dependent!
2021-10-18 23:26:52,061 [Worker-21: Building] INFO  o.e.m.c.i.embedder.EclipseLogger - Copying 1 resource
2021-10-18 23:26:52,068 [Worker-21: Building] WARN  o.e.m.c.i.embedder.EclipseLogger - Using platform encoding (Cp1253 actually) to copy filtered resources, i.e. build is platform dependent!
2021-10-18 23:26:52,071 [Worker-21: Building] INFO  o.e.m.c.i.embedder.EclipseLogger - skip non existing resourceDirectory C:\Users\Anna\git\bowling_onepoint\bowling-onepoint\src\test\resources
2021-10-18 23:26:57,428 [Worker-22: Building] WARN  o.e.m.c.i.embedder.EclipseLogger - Using platform encoding (Cp1253 actually) to copy filtered resources, i.e. build is platform dependent!
2021-10-18 23:26:57,433 [Worker-22: Building] INFO  o.e.m.c.i.embedder.EclipseLogger - Copying 1 resource
2021-10-18 23:26:57,439 [Worker-22: Building] WARN  o.e.m.c.i.embedder.EclipseLogger - Using platform encoding (Cp1253 actually) to copy filtered resources, i.e. build is platform dependent!
